=============================================== 
RuneLite Build Log - 10/08/2025 19:19:45.24 
=============================================== 
 
[19:19:45.27] Starting Maven clean... 
Running: mvn clean 
[INFO] Scanning for projects...
[INFO] ------------------------------------------------------------------------
[INFO] Reactor Build Order:
[INFO] 
[INFO] RuneLite                                                           [pom]
[INFO] Cache                                                              [jar]
[INFO] RuneLite Maven Plugin                                     [maven-plugin]
[INFO] RuneLite API                                                       [jar]
[INFO] RuneLite JShell                                                    [jar]
[INFO] RuneLite Client                                                    [jar]
[INFO] RuneLite Mixins                                                    [jar]
[INFO] 
[INFO] --------------------< net.runelite:runelite-parent >--------------------
[INFO] Building RuneLite 1.11.14-SNAPSHOT                                 [1/7]
[INFO]   from pom.xml
[INFO] --------------------------------[ pom ]---------------------------------
[INFO] 
[INFO] --- clean:3.2.0:clean (default-clean) @ runelite-parent ---
[INFO] 
[INFO] -------------------------< net.runelite:cache >-------------------------
[INFO] Building Cache 1.11.14-SNAPSHOT                                    [2/7]
[INFO]   from cache\pom.xml
[INFO] --------------------------------[ jar ]---------------------------------
[INFO] 
[INFO] --- clean:3.2.0:clean (default-clean) @ cache ---
[INFO] Deleting C:\Users\hp\Development\runelite\cache\target
[INFO] 
[INFO] -----------------< net.runelite:runelite-maven-plugin >-----------------
[INFO] Building RuneLite Maven Plugin 1.11.14-SNAPSHOT                    [3/7]
[INFO]   from runelite-maven-plugin\pom.xml
[INFO] ----------------------------[ maven-plugin ]----------------------------
[INFO] 
[INFO] --- clean:3.2.0:clean (default-clean) @ runelite-maven-plugin ---
[INFO] Deleting C:\Users\hp\Development\runelite\runelite-maven-plugin\target
[INFO] 
[INFO] ---------------------< net.runelite:runelite-api >----------------------
[INFO] Building RuneLite API 1.11.14-SNAPSHOT                             [4/7]
[INFO]   from runelite-api\pom.xml
[INFO] --------------------------------[ jar ]---------------------------------
Downloading from runelite-plugins: https://repo.runelite.net/net/runelite/runelite-maven-plugin/1.11.14-SNAPSHOT/maven-metadata.xml
Progress (1): 1.0 kB                    Downloaded from runelite-plugins: https://repo.runelite.net/net/runelite/runelite-maven-plugin/1.11.14-SNAPSHOT/maven-metadata.xml (1.0 kB at 1.4 kB/s)
[INFO] 
[INFO] --- clean:3.2.0:clean (default-clean) @ runelite-api ---
[INFO] Deleting C:\Users\hp\Development\runelite\runelite-api\target
[INFO] 
[INFO] ------------------------< net.runelite:jshell >-------------------------
[INFO] Building RuneLite JShell 1.11.14-SNAPSHOT                          [5/7]
[INFO]   from runelite-jshell\pom.xml
[INFO] --------------------------------[ jar ]---------------------------------
[INFO] 
[INFO] --- clean:3.2.0:clean (default-clean) @ jshell ---
[INFO] Deleting C:\Users\hp\Development\runelite\runelite-jshell\target
[INFO] 
[INFO] ------------------------< net.runelite:client >-------------------------
[INFO] Building RuneLite Client 1.11.14-SNAPSHOT                          [6/7]
[INFO]   from runelite-client\pom.xml
[INFO] --------------------------------[ jar ]---------------------------------
[INFO] 
[INFO] --- clean:3.2.0:clean (default-clean) @ client ---
[INFO] Deleting C:\Users\hp\Development\runelite\runelite-client\target
[INFO] 
[INFO] --------------------< net.runelite:runelite-mixins >--------------------
[INFO] Building RuneLite Mixins 1.11.14-SNAPSHOT                          [7/7]
[INFO]   from runelite-mixins\pom.xml
[INFO] --------------------------------[ jar ]---------------------------------
[INFO] 
[INFO] --- clean:3.2.0:clean (default-clean) @ runelite-mixins ---
[INFO] ------------------------------------------------------------------------
[INFO] Reactor Summary for RuneLite 1.11.14-SNAPSHOT:
[INFO] 
[INFO] RuneLite ........................................... SUCCESS [  0.344 s]
[INFO] Cache .............................................. SUCCESS [  0.176 s]
[INFO] RuneLite Maven Plugin .............................. SUCCESS [  0.058 s]
[INFO] RuneLite API ....................................... SUCCESS [  1.936 s]
[INFO] RuneLite JShell .................................... SUCCESS [  0.015 s]
[INFO] RuneLite Client .................................... SUCCESS [  0.399 s]
[INFO] RuneLite Mixins .................................... SUCCESS [  0.004 s]
[INFO] ------------------------------------------------------------------------
[INFO] BUILD SUCCESS
[INFO] ------------------------------------------------------------------------
[INFO] Total time:  3.220 s
[INFO] Finished at: 2025-08-10T19:19:50+01:00
[INFO] ------------------------------------------------------------------------
